2026-03-30 15:25:27 [INFO] ============================================================
2026-03-30 15:25:27 [INFO] VLA 蒸馏训练启动
2026-03-30 15:25:27 [INFO] 教师设备: cuda:1
2026-03-30 15:25:27 [INFO] 学生设备数: 4，local_rank=0
2026-03-30 15:25:27 [INFO] 特征蒸馏: True
2026-03-30 15:25:27 [INFO] Logit蒸馏: True
2026-03-30 15:25:27 [INFO] ============================================================
2026-03-30 15:25:27 [INFO] 加载教师模型: /hqlab/workspace/zhaozy/models/xvla-libero-model -> cuda:1
2026-03-30 15:26:18 [INFO] 教师模型参数已冻结，部署在 cuda:1
2026-03-30 15:26:18 [INFO] 加载学生模型: /hqlab/workspace/zhaozy/models/smolvla_libero -> cuda:0
2026-03-30 23:42:18 [INFO] ============================================================
2026-03-30 23:42:18 [INFO] VLA 蒸馏训练启动
2026-03-30 23:42:18 [INFO] 教师设备: cuda:1
2026-03-30 23:42:18 [INFO] 学生设备数: 4，local_rank=0
2026-03-30 23:42:18 [INFO] 特征蒸馏: True
2026-03-30 23:42:18 [INFO] Logit蒸馏: True
2026-03-30 23:42:18 [INFO] ============================================================
2026-03-30 23:42:18 [INFO] 加载教师模型: /hqlab/workspace/zhaozy/models/xvla-libero-model -> cuda:1
2026-03-30 23:42:41 [INFO] 教师模型参数已冻结，部署在 cuda:1
2026-03-30 23:42:41 [INFO] 加载学生模型: /hqlab/workspace/zhaozy/models/smolvla_libero -> cuda:1
2026-03-30 23:49:54 [INFO] ============================================================
2026-03-30 23:49:54 [INFO] VLA 蒸馏训练启动
2026-03-30 23:49:54 [INFO] 教师设备: cuda:0
2026-03-30 23:49:54 [INFO] 学生设备数: 4，local_rank=0
2026-03-30 23:49:54 [INFO] 特征蒸馏: True
2026-03-30 23:49:54 [INFO] Logit蒸馏: True
2026-03-30 23:49:54 [INFO] ============================================================
2026-03-30 23:49:54 [INFO] 加载教师模型: /hqlab/workspace/zhaozy/models/xvla-libero-model -> cuda:0
2026-03-30 23:50:13 [INFO] 教师模型参数已冻结，部署在 cuda:0
2026-03-30 23:50:13 [INFO] 加载学生模型: /hqlab/workspace/zhaozy/models/smolvla_libero -> cuda:1
2026-03-30 23:50:39 [INFO] 已启用学生 VLM 梯度检查点
2026-03-30 23:50:39 [INFO] 已启用学生 lm_expert 梯度检查点
2026-03-31 00:02:59 [INFO] ============================================================
2026-03-31 00:02:59 [INFO] VLA 蒸馏训练启动
2026-03-31 00:02:59 [INFO] 教师设备: cuda:0
2026-03-31 00:02:59 [INFO] 学生设备数: 4，local_rank=0
2026-03-31 00:02:59 [INFO] 特征蒸馏: False
2026-03-31 00:02:59 [INFO] Logit蒸馏: False
2026-03-31 00:02:59 [INFO] ============================================================
2026-03-31 00:02:59 [INFO] 加载教师模型: /hqlab/workspace/zhaozy/models/xvla-libero-model -> cuda:0 (float16)
2026-03-31 00:03:18 [INFO] 教师模型参数已冻结，部署在 cuda:0
2026-03-31 00:03:18 [INFO] 加载学生模型: /hqlab/workspace/zhaozy/models/smolvla_libero -> cuda:1
2026-03-31 00:04:17 [INFO] 已启用学生 VLM 梯度检查点
2026-03-31 00:04:17 [INFO] 已启用学生 lm_expert 梯度检查点
2026-03-31 00:05:24 [INFO] ============================================================
2026-03-31 00:05:24 [INFO] VLA 蒸馏训练启动
2026-03-31 00:05:24 [INFO] 教师设备: cuda:0
2026-03-31 00:05:24 [INFO] 学生设备数: 4，local_rank=0
2026-03-31 00:05:24 [INFO] 特征蒸馏: False
2026-03-31 00:05:24 [INFO] Logit蒸馏: False
2026-03-31 00:05:24 [INFO] ============================================================
2026-03-31 00:05:24 [INFO] 加载教师模型: /hqlab/workspace/zhaozy/models/xvla-libero-model -> cuda:0 (float16)
2026-03-31 00:05:44 [INFO] 教师模型参数已冻结，部署在 cuda:0
2026-03-31 00:05:44 [INFO] 加载学生模型: /hqlab/workspace/zhaozy/models/smolvla_libero -> cuda:1
2026-03-31 00:06:10 [INFO] 已启用学生 VLM 梯度检查点
2026-03-31 00:06:10 [INFO] 已启用学生 lm_expert 梯度检查点
2026-03-31 00:07:44 [INFO] ============================================================
2026-03-31 00:07:44 [INFO] VLA 蒸馏训练启动
2026-03-31 00:07:44 [INFO] 教师设备: cuda:0
2026-03-31 00:07:44 [INFO] 学生设备数: 4，local_rank=0
2026-03-31 00:07:44 [INFO] 特征蒸馏: False
2026-03-31 00:07:44 [INFO] Logit蒸馏: False
2026-03-31 00:07:44 [INFO] ============================================================
2026-03-31 00:07:44 [INFO] 加载教师模型: /hqlab/workspace/zhaozy/models/xvla-libero-model -> cuda:0 (float16)
2026-03-31 00:08:03 [INFO] 教师模型参数已冻结，部署在 cuda:0
2026-03-31 00:08:03 [INFO] 加载学生模型: /hqlab/workspace/zhaozy/models/smolvla_libero -> cuda:1
2026-03-31 00:09:20 [INFO] 已启用学生 VLM 梯度检查点
2026-03-31 00:09:20 [INFO] 已启用学生 lm_expert 梯度检查点
2026-03-31 00:09:22 [INFO] W&B 已启用
2026-03-31 00:21:04 [INFO] ============================================================
2026-03-31 00:21:04 [INFO] VLA 蒸馏训练启动
2026-03-31 00:21:04 [INFO] 教师设备: cuda:0
2026-03-31 00:21:04 [INFO] 学生设备数: 4，local_rank=0
2026-03-31 00:21:04 [INFO] 特征蒸馏: True
2026-03-31 00:21:04 [INFO] Logit蒸馏: True
2026-03-31 00:21:04 [INFO] ============================================================
2026-03-31 00:21:04 [INFO] 加载教师模型: /hqlab/workspace/zhaozy/models/xvla-libero-model -> cuda:0 (float16)
2026-03-31 00:21:23 [INFO] 教师模型参数已冻结，部署在 cuda:0
2026-03-31 00:21:23 [INFO] 加载学生模型: /hqlab/workspace/zhaozy/models/smolvla_libero -> cuda:1
2026-03-31 00:21:48 [INFO] 已启用学生 VLM 梯度检查点
2026-03-31 00:21:48 [INFO] 已启用学生 lm_expert 梯度检查点
2026-03-31 00:21:53 [INFO] W&B 已启用
2026-03-31 00:42:35 [INFO] ============================================================
2026-03-31 00:42:35 [INFO] VLA 蒸馏训练启动
2026-03-31 00:42:35 [INFO] 教师设备: cuda:0
2026-03-31 00:42:35 [INFO] 学生设备数: 4，local_rank=0
2026-03-31 00:42:35 [INFO] 特征蒸馏: True
2026-03-31 00:42:35 [INFO] Logit蒸馏: True
2026-03-31 00:42:35 [INFO] ============================================================
2026-03-31 00:42:35 [INFO] 加载教师模型: /hqlab/workspace/zhaozy/models/xvla-libero-model -> cuda:0 (float16)
